<?xml version="1.0" encoding="UTF-8"?>
<testng-results ignored="0" total="1" passed="1" failed="0" skipped="0">
  <reporter-output>
  </reporter-output>
  <suite started-at="2024-06-04T09:39:17 IST" name="Default suite" finished-at="2024-06-04T09:39:30 IST" duration-ms="13245">
    <groups>
    </groups>
    <test started-at="2024-06-04T09:39:17 IST" name="Default test" finished-at="2024-06-04T09:39:30 IST" duration-ms="13245">
      <class name="extentreports.AttachScreenshot">
        <test-method signature="screenshot()[pri:0, instance:extentreports.AttachScreenshot@41a0aa7d]" started-at="2024-06-04T09:39:17 IST" name="screenshot" finished-at="2024-06-04T09:39:30 IST" duration-ms="13175" status="PASS">
          <reporter-output>
          </reporter-output>
        </test-method> <!-- screenshot -->
      </class> <!-- extentreports.AttachScreenshot -->
    </test> <!-- Default test -->
  </suite> <!-- Default suite -->
</testng-results>
